{
  "path": "/path/test.js",
  "s": { "1": 0, "2": 1, "3": 0, "4": 0 },
  "b": { "1": [0, 1] },
  "f": { "1": 1, "2": 0 },
  "l": { "1": 0, "2": 1, "3": 0, "4": 0 },
  "fnMap": {
    "1": {
      "name": "test1",
      "line": 1,
      "loc": { "start": { "line": 1, "column": 11 }, "end": { "line": 1, "column": 25 } }
    },
    "2": {
      "name": "test2",
      "line": 2,
      "loc": { "start": { "line": 2, "column": 11 }, "end": { "line": 2, "column": 25 } }
    }
  },
  "statementMap": {
    "1": { "start": { "line": 1, "column": 0 }, "end": { "line": 4, "column": 1 } },
    "2": { "start": { "line": 2, "column": 4 }, "end": { "line": 3, "column": 21 } },
    "3": { "start": { "line": 2, "column": 13 }, "end": { "line": 2, "column": 26 } },
    "4": { "start": { "line": 3, "column": 9 }, "end": { "line": 3, "column": 21 } }
  },
  "branchMap": {
    "1": {
      "line": 2,
      "type": "if",
      "locations": [
        { "start": { "line": 2, "column": 4 }, "end": { "line": 2, "column": 4 } },
        { "start": { "line": 2, "column": 4 }, "end": { "line": 2, "column": 4 } }
      ]
    }
  }
}
